Build started 12/29/2020 8:17:35 PM.
     1>Project "C:\Users\dy234\Desktop\CLSPSubmit\Codes\Capacitated lot-sizing problem\Capacitated lot-sizing problem\Capacitated lot-sizing problem.vcxproj" on node 2 (Build target(s)).
     1>ClCompile:
         C:\Program Files (x86)\Microsoft Visual Studio 12.0\VC\bin\x86_amd64\CL.exe /c /I"C:\Program Files\IBM\ILOG\CPLEX_Studio1271\cplex\include" /I"C:\Program Files\IBM\ILOG\CPLEX_Studio1271\concert\include" /Zi /nologo /W3 /WX- /sdl /O2 /Oi /GL /D WIN32 /D NDEBUG /D _CONSOLE /D _LIB /D IL_STD /D _UNICODE /D UNICODE /Gm- /EHsc /MD /GS /Gy /fp:precise /Zc:wchar_t /Zc:forScope /Fo"x64\Release\\" /Fd"x64\Release\vc120.pdb" /Gd /TP /errorReport:prompt Source.cpp
         Source.cpp
     1>Source.cpp(84): warning C4244: '=' : conversion from 'IloInt' to 'int', possible loss of data
     1>Source.cpp(88): warning C4244: '=' : conversion from 'double' to 'int', possible loss of data
     1>Source.cpp(89): warning C4244: '=' : conversion from 'double' to 'int', possible loss of data
     1>Source.cpp(106): warning C4244: '=' : conversion from 'IloInt' to 'int', possible loss of data
     1>Source.cpp(111): warning C4244: '=' : conversion from 'double' to 'int', possible loss of data
     1>Source.cpp(112): warning C4244: '=' : conversion from 'double' to 'int', possible loss of data
     1>Source.cpp(171): warning C4244: 'argument' : conversion from 'IloInt' to 'IloNum', possible loss of data
     1>Source.cpp(177): warning C4244: 'argument' : conversion from 'IloInt' to 'IloNum', possible loss of data
       Link:
         C:\Program Files (x86)\Microsoft Visual Studio 12.0\VC\bin\x86_amd64\link.exe /ERRORREPORT:PROMPT /OUT:"C:\Users\dy234\Desktop\CLSPSubmit\Codes\Capacitated lot-sizing problem\x64\Release\Capacitated lot-sizing problem.exe" /INCREMENTAL:NO /NOLOGO /LIBPATH:"C:\Program Files\IBM\ILOG\CPLEX_Studio1271\cplex\lib\x64_windows_vs2013\stat_mda" /LIBPATH:"C:\Program Files\IBM\ILOG\CPLEX_Studio1271\concert\lib\x64_windows_vs2013\stat_mda" cplex1271.lib ilocplex.lib concert.lib kernel32.lib user32.lib gdi32.lib winspool.lib comdlg32.lib advapi32.lib shell32.lib ole32.lib oleaut32.lib uuid.lib odbc32.lib odbccp32.lib /MANIFEST /MANIFESTUAC:"level='asInvoker' uiAccess='false'" /manifest:embed /DEBUG /PDB:"C:\Users\dy234\Desktop\CLSPSubmit\Codes\Capacitated lot-sizing problem\x64\Release\Capacitated lot-sizing problem.pdb" /SUBSYSTEM:CONSOLE /OPT:REF /OPT:ICF /LTCG /TLBID:1 /DYNAMICBASE /NXCOMPAT /IMPLIB:"C:\Users\dy234\Desktop\CLSPSubmit\Codes\Capacitated lot-sizing problem\x64\Release\Capacitated lot-sizing problem.lib" /MACHINE:X64 x64\Release\Source.obj
         Generating code
         Finished generating code
     1>concert.lib(ilosstructi.obj) : warning LNK4099: PDB 'concert.pdb' was not found with 'concert.lib(ilosstructi.obj)' or at 'C:\Users\dy234\Desktop\CLSPSubmit\Codes\Capacitated lot-sizing problem\x64\Release\concert.pdb'; linking object as if no debug info
     1>concert.lib(ilohash.obj) : warning LNK4099: PDB 'concert.pdb' was not found with 'concert.lib(ilohash.obj)' or at 'C:\Users\dy234\Desktop\CLSPSubmit\Codes\Capacitated lot-sizing problem\x64\Release\concert.pdb'; linking object as if no debug info
     1>concert.lib(iloalg.obj) : warning LNK4099: PDB 'concert.pdb' was not found with 'concert.lib(iloalg.obj)' or at 'C:\Users\dy234\Desktop\CLSPSubmit\Codes\Capacitated lot-sizing problem\x64\Release\concert.pdb'; linking object as if no debug info
     1>concert.lib(iloenv.obj) : warning LNK4099: PDB 'concert.pdb' was not found with 'concert.lib(iloenv.obj)' or at 'C:\Users\dy234\Desktop\CLSPSubmit\Codes\Capacitated lot-sizing problem\x64\Release\concert.pdb'; linking object as if no debug info
     1>concert.lib(ilostimei.obj) : warning LNK4099: PDB 'concert.pdb' was not found with 'concert.lib(ilostimei.obj)' or at 'C:\Users\dy234\Desktop\CLSPSubmit\Codes\Capacitated lot-sizing problem\x64\Release\concert.pdb'; linking object as if no debug info
     1>concert.lib(iloallocator.obj) : warning LNK4099: PDB 'concert.pdb' was not found with 'concert.lib(iloallocator.obj)' or at 'C:\Users\dy234\Desktop\CLSPSubmit\Codes\Capacitated lot-sizing problem\x64\Release\concert.pdb'; linking object as if no debug info
     1>concert.lib(ilosatomi.obj) : warning LNK4099: PDB 'concert.pdb' was not found with 'concert.lib(ilosatomi.obj)' or at 'C:\Users\dy234\Desktop\CLSPSubmit\Codes\Capacitated lot-sizing problem\x64\Release\concert.pdb'; linking object as if no debug info
     1>concert.lib(iloserror.obj) : warning LNK4099: PDB 'concert.pdb' was not found with 'concert.lib(iloserror.obj)' or at 'C:\Users\dy234\Desktop\CLSPSubmit\Codes\Capacitated lot-sizing problem\x64\Release\concert.pdb'; linking object as if no debug info
     1>concert.lib(ilosdisplayi.obj) : warning LNK4099: PDB 'concert.pdb' was not found with 'concert.lib(ilosdisplayi.obj)' or at 'C:\Users\dy234\Desktop\CLSPSubmit\Codes\Capacitated lot-sizing problem\x64\Release\concert.pdb'; linking object as if no debug info
     1>concert.lib(ilorandom.obj) : warning LNK4099: PDB 'concert.pdb' was not found with 'concert.lib(ilorandom.obj)' or at 'C:\Users\dy234\Desktop\CLSPSubmit\Codes\Capacitated lot-sizing problem\x64\Release\concert.pdb'; linking object as if no debug info
     1>concert.lib(ilothread.obj) : warning LNK4099: PDB 'concert.pdb' was not found with 'concert.lib(ilothread.obj)' or at 'C:\Users\dy234\Desktop\CLSPSubmit\Codes\Capacitated lot-sizing problem\x64\Release\concert.pdb'; linking object as if no debug info
     1>concert.lib(ilossol.obj) : warning LNK4099: PDB 'concert.pdb' was not found with 'concert.lib(ilossol.obj)' or at 'C:\Users\dy234\Desktop\CLSPSubmit\Codes\Capacitated lot-sizing problem\x64\Release\concert.pdb'; linking object as if no debug info
     1>concert.lib(ilotypes.obj) : warning LNK4099: PDB 'concert.pdb' was not found with 'concert.lib(ilotypes.obj)' or at 'C:\Users\dy234\Desktop\CLSPSubmit\Codes\Capacitated lot-sizing problem\x64\Release\concert.pdb'; linking object as if no debug info
     1>concert.lib(iloexpression.obj) : warning LNK4099: PDB 'concert.pdb' was not found with 'concert.lib(iloexpression.obj)' or at 'C:\Users\dy234\Desktop\CLSPSubmit\Codes\Capacitated lot-sizing problem\x64\Release\concert.pdb'; linking object as if no debug info
     1>concert.lib(ilosbasic.obj) : warning LNK4099: PDB 'concert.pdb' was not found with 'concert.lib(ilosbasic.obj)' or at 'C:\Users\dy234\Desktop\CLSPSubmit\Codes\Capacitated lot-sizing problem\x64\Release\concert.pdb'; linking object as if no debug info
     1>concert.lib(iloset.obj) : warning LNK4099: PDB 'concert.pdb' was not found with 'concert.lib(iloset.obj)' or at 'C:\Users\dy234\Desktop\CLSPSubmit\Codes\Capacitated lot-sizing problem\x64\Release\concert.pdb'; linking object as if no debug info
     1>concert.lib(iloconstraint.obj) : warning LNK4099: PDB 'concert.pdb' was not found with 'concert.lib(iloconstraint.obj)' or at 'C:\Users\dy234\Desktop\CLSPSubmit\Codes\Capacitated lot-sizing problem\x64\Release\concert.pdb'; linking object as if no debug info
     1>concert.lib(iloanyexpr.obj) : warning LNK4099: PDB 'concert.pdb' was not found with 'concert.lib(iloanyexpr.obj)' or at 'C:\Users\dy234\Desktop\CLSPSubmit\Codes\Capacitated lot-sizing problem\x64\Release\concert.pdb'; linking object as if no debug info
     1>concert.lib(iloextractable.obj) : warning LNK4099: PDB 'concert.pdb' was not found with 'concert.lib(iloextractable.obj)' or at 'C:\Users\dy234\Desktop\CLSPSubmit\Codes\Capacitated lot-sizing problem\x64\Release\concert.pdb'; linking object as if no debug info
     1>concert.lib(ilomap.obj) : warning LNK4099: PDB 'concert.pdb' was not found with 'concert.lib(ilomap.obj)' or at 'C:\Users\dy234\Desktop\CLSPSubmit\Codes\Capacitated lot-sizing problem\x64\Release\concert.pdb'; linking object as if no debug info
     1>concert.lib(ilosmodel.obj) : warning LNK4099: PDB 'concert.pdb' was not found with 'concert.lib(ilosmodel.obj)' or at 'C:\Users\dy234\Desktop\CLSPSubmit\Codes\Capacitated lot-sizing problem\x64\Release\concert.pdb'; linking object as if no debug info
     1>concert.lib(ilosolution.obj) : warning LNK4099: PDB 'concert.pdb' was not found with 'concert.lib(ilosolution.obj)' or at 'C:\Users\dy234\Desktop\CLSPSubmit\Codes\Capacitated lot-sizing problem\x64\Release\concert.pdb'; linking object as if no debug info
     1>concert.lib(iloiterator.obj) : warning LNK4099: PDB 'concert.pdb' was not found with 'concert.lib(iloiterator.obj)' or at 'C:\Users\dy234\Desktop\CLSPSubmit\Codes\Capacitated lot-sizing problem\x64\Release\concert.pdb'; linking object as if no debug info
     1>concert.lib(ilossequencei.obj) : warning LNK4099: PDB 'concert.pdb' was not found with 'concert.lib(ilossequencei.obj)' or at 'C:\Users\dy234\Desktop\CLSPSubmit\Codes\Capacitated lot-sizing problem\x64\Release\concert.pdb'; linking object as if no debug info
     1>concert.lib(ilocollection.obj) : warning LNK4099: PDB 'concert.pdb' was not found with 'concert.lib(ilocollection.obj)' or at 'C:\Users\dy234\Desktop\CLSPSubmit\Codes\Capacitated lot-sizing problem\x64\Release\concert.pdb'; linking object as if no debug info
     1>concert.lib(ilocollectionstruct.obj) : warning LNK4099: PDB 'concert.pdb' was not found with 'concert.lib(ilocollectionstruct.obj)' or at 'C:\Users\dy234\Desktop\CLSPSubmit\Codes\Capacitated lot-sizing problem\x64\Release\concert.pdb'; linking object as if no debug info
     1>concert.lib(ilosimplecollection.obj) : warning LNK4099: PDB 'concert.pdb' was not found with 'concert.lib(ilosimplecollection.obj)' or at 'C:\Users\dy234\Desktop\CLSPSubmit\Codes\Capacitated lot-sizing problem\x64\Release\concert.pdb'; linking object as if no debug info
     1>concert.lib(ilocollectionoperator.obj) : warning LNK4099: PDB 'concert.pdb' was not found with 'concert.lib(ilocollectionoperator.obj)' or at 'C:\Users\dy234\Desktop\CLSPSubmit\Codes\Capacitated lot-sizing problem\x64\Release\concert.pdb'; linking object as if no debug info
     1>concert.lib(ilocollectioniterator.obj) : warning LNK4099: PDB 'concert.pdb' was not found with 'concert.lib(ilocollectioniterator.obj)' or at 'C:\Users\dy234\Desktop\CLSPSubmit\Codes\Capacitated lot-sizing problem\x64\Release\concert.pdb'; linking object as if no debug info
     1>concert.lib(iloskiplist.obj) : warning LNK4099: PDB 'concert.pdb' was not found with 'concert.lib(iloskiplist.obj)' or at 'C:\Users\dy234\Desktop\CLSPSubmit\Codes\Capacitated lot-sizing problem\x64\Release\concert.pdb'; linking object as if no debug info
     1>concert.lib(ilonumfunci.obj) : warning LNK4099: PDB 'concert.pdb' was not found with 'concert.lib(ilonumfunci.obj)' or at 'C:\Users\dy234\Desktop\CLSPSubmit\Codes\Capacitated lot-sizing problem\x64\Release\concert.pdb'; linking object as if no debug info
     1>concert.lib(iloparami.obj) : warning LNK4099: PDB 'concert.pdb' was not found with 'concert.lib(iloparami.obj)' or at 'C:\Users\dy234\Desktop\CLSPSubmit\Codes\Capacitated lot-sizing problem\x64\Release\concert.pdb'; linking object as if no debug info
     1>concert.lib(ilointervalsi.obj) : warning LNK4099: PDB 'concert.pdb' was not found with 'concert.lib(ilointervalsi.obj)' or at 'C:\Users\dy234\Desktop\CLSPSubmit\Codes\Capacitated lot-sizing problem\x64\Release\concert.pdb'; linking object as if no debug info
     1>concert.lib(evalkernel.obj) : warning LNK4099: PDB 'concert.pdb' was not found with 'concert.lib(evalkernel.obj)' or at 'C:\Users\dy234\Desktop\CLSPSubmit\Codes\Capacitated lot-sizing problem\x64\Release\concert.pdb'; linking object as if no debug info
     1>concert.lib(evaluator.obj) : warning LNK4099: PDB 'concert.pdb' was not found with 'concert.lib(evaluator.obj)' or at 'C:\Users\dy234\Desktop\CLSPSubmit\Codes\Capacitated lot-sizing problem\x64\Release\concert.pdb'; linking object as if no debug info
     1>concert.lib(evalexpand.obj) : warning LNK4099: PDB 'concert.pdb' was not found with 'concert.lib(evalexpand.obj)' or at 'C:\Users\dy234\Desktop\CLSPSubmit\Codes\Capacitated lot-sizing problem\x64\Release\concert.pdb'; linking object as if no debug info
     1>concert.lib(strtod.obj) : warning LNK4099: PDB 'concert.pdb' was not found with 'concert.lib(strtod.obj)' or at 'C:\Users\dy234\Desktop\CLSPSubmit\Codes\Capacitated lot-sizing problem\x64\Release\concert.pdb'; linking object as if no debug info
         Capacitated lot-sizing problem.vcxproj -> C:\Users\dy234\Desktop\CLSPSubmit\Codes\Capacitated lot-sizing problem\x64\Release\Capacitated lot-sizing problem.exe
     1>Done Building Project "C:\Users\dy234\Desktop\CLSPSubmit\Codes\Capacitated lot-sizing problem\Capacitated lot-sizing problem\Capacitated lot-sizing problem.vcxproj" (Build target(s)).

Build succeeded.

Time Elapsed 00:00:02.16
